\BOOKMARK [0][-]{chapter*.5}{Mission}{}% 1
\BOOKMARK [0][-]{chapter*.6}{Document Preparation and Updates}{}% 2
\BOOKMARK [0][-]{chapter.1}{Overview and concept of operations}{}% 3
\BOOKMARK [1][-]{section.1.1}{Scope}{chapter.1}% 4
\BOOKMARK [1][-]{section.1.2}{Purpose}{chapter.1}% 5
\BOOKMARK [2][-]{subsection.1.2.1}{Program Compiler}{section.1.2}% 6
\BOOKMARK [2][-]{subsection.1.2.2}{Test File Location}{section.1.2}% 7
\BOOKMARK [2][-]{subsection.1.2.3}{Test Case Evaluation}{section.1.2}% 8
\BOOKMARK [1][-]{section.1.3}{Systems Goals}{chapter.1}% 9
\BOOKMARK [1][-]{section.1.4}{System Overview and Diagram}{chapter.1}% 10
\BOOKMARK [1][-]{section.1.5}{Technologies Overview}{chapter.1}% 11
\BOOKMARK [0][-]{chapter.2}{Project Overview}{}% 12
\BOOKMARK [1][-]{section.2.1}{Team Members and Roles}{chapter.2}% 13
\BOOKMARK [1][-]{section.2.2}{Project Management Approach}{chapter.2}% 14
\BOOKMARK [1][-]{section.2.3}{Phase Overview}{chapter.2}% 15
\BOOKMARK [1][-]{section.2.4}{Terminology and Acronyms}{chapter.2}% 16
\BOOKMARK [0][-]{chapter.3}{User Stories, Backlog and Requirements}{}% 17
\BOOKMARK [1][-]{section.3.1}{Overview}{chapter.3}% 18
\BOOKMARK [2][-]{subsection.3.1.1}{Scope}{section.3.1}% 19
\BOOKMARK [2][-]{subsection.3.1.2}{Purpose of the System}{section.3.1}% 20
\BOOKMARK [1][-]{section.3.2}{ Stakeholder Information}{chapter.3}% 21
\BOOKMARK [2][-]{subsection.3.2.1}{Customer or End User \(Product Owner\)}{section.3.2}% 22
\BOOKMARK [2][-]{subsection.3.2.2}{Management or Instructor \(Scrum Master\)}{section.3.2}% 23
\BOOKMARK [2][-]{subsection.3.2.3}{Investors}{section.3.2}% 24
\BOOKMARK [2][-]{subsection.3.2.4}{Developers \205Testers}{section.3.2}% 25
\BOOKMARK [1][-]{section.3.3}{Business Need}{chapter.3}% 26
\BOOKMARK [1][-]{section.3.4}{Requirements and Design Constraints}{chapter.3}% 27
\BOOKMARK [2][-]{subsection.3.4.1}{System Requirements}{section.3.4}% 28
\BOOKMARK [2][-]{subsection.3.4.2}{Network Requirements}{section.3.4}% 29
\BOOKMARK [2][-]{subsection.3.4.3}{Development Environment Requirements}{section.3.4}% 30
\BOOKMARK [2][-]{subsection.3.4.4}{Project Management Methodology}{section.3.4}% 31
\BOOKMARK [1][-]{section.3.5}{User Stories}{chapter.3}% 32
\BOOKMARK [2][-]{subsection.3.5.1}{User Story \0431}{section.3.5}% 33
\BOOKMARK [2][-]{subsection.3.5.2}{User Story \0432}{section.3.5}% 34
\BOOKMARK [2][-]{subsection.3.5.3}{User Story \0433}{section.3.5}% 35
\BOOKMARK [1][-]{section.3.6}{Research or Proof of Concept Results}{chapter.3}% 36
\BOOKMARK [1][-]{section.3.7}{Supporting Material}{chapter.3}% 37
\BOOKMARK [0][-]{chapter.4}{Design and Implementation}{}% 38
\BOOKMARK [1][-]{section.4.1}{Major Component \0431 }{chapter.4}% 39
\BOOKMARK [2][-]{subsection.4.1.1}{Technologies Used}{section.4.1}% 40
\BOOKMARK [2][-]{subsection.4.1.2}{Component Overview}{section.4.1}% 41
\BOOKMARK [2][-]{subsection.4.1.3}{Phase Overview}{section.4.1}% 42
\BOOKMARK [2][-]{subsection.4.1.4}{ Architecture Diagram}{section.4.1}% 43
\BOOKMARK [2][-]{subsection.4.1.5}{Data Flow Diagram}{section.4.1}% 44
\BOOKMARK [2][-]{subsection.4.1.6}{Design Details}{section.4.1}% 45
\BOOKMARK [1][-]{section.4.2}{Major Component \0432 }{chapter.4}% 46
\BOOKMARK [2][-]{subsection.4.2.1}{Technologies Used}{section.4.2}% 47
\BOOKMARK [2][-]{subsection.4.2.2}{Component Overview}{section.4.2}% 48
\BOOKMARK [2][-]{subsection.4.2.3}{Phase Overview}{section.4.2}% 49
\BOOKMARK [2][-]{subsection.4.2.4}{ Architecture Diagram}{section.4.2}% 50
\BOOKMARK [2][-]{subsection.4.2.5}{ Architecture Diagram}{section.4.2}% 51
\BOOKMARK [2][-]{subsection.4.2.6}{Data Flow Diagram}{section.4.2}% 52
\BOOKMARK [0][-]{chapter.5}{System and Unit Testing}{}% 53
\BOOKMARK [1][-]{section.5.1}{Overview}{chapter.5}% 54
\BOOKMARK [1][-]{section.5.2}{Dependencies}{chapter.5}% 55
\BOOKMARK [1][-]{section.5.3}{Test Setup and Execution}{chapter.5}% 56
\BOOKMARK [0][-]{chapter.6}{Development Environment}{}% 57
\BOOKMARK [1][-]{section.6.1}{Development IDE and Tools}{chapter.6}% 58
\BOOKMARK [1][-]{section.6.2}{Source Control}{chapter.6}% 59
\BOOKMARK [1][-]{section.6.3}{Dependencies}{chapter.6}% 60
\BOOKMARK [1][-]{section.6.4}{Build Environment}{chapter.6}% 61
\BOOKMARK [1][-]{section.6.5}{Development Machine Setup}{chapter.6}% 62
\BOOKMARK [0][-]{chapter.7}{Release \205 Setup \205 Deployment}{}% 63
\BOOKMARK [1][-]{section.7.1}{Deployment Information and Dependencies}{chapter.7}% 64
\BOOKMARK [1][-]{section.7.2}{Setup Information}{chapter.7}% 65
\BOOKMARK [1][-]{section.7.3}{System Versioning Information}{chapter.7}% 66
\BOOKMARK [0][-]{chapter.8}{User Documentation}{}% 67
\BOOKMARK [1][-]{section.8.1}{User Guide}{chapter.8}% 68
\BOOKMARK [1][-]{section.8.2}{Installation Guide}{chapter.8}% 69
\BOOKMARK [1][-]{section.8.3}{Programmer Manual}{chapter.8}% 70
\BOOKMARK [0][-]{chapter.9}{Class Index}{}% 71
\BOOKMARK [1][-]{section.9.1}{Class List}{chapter.9}% 72
\BOOKMARK [0][-]{chapter.10}{Class Documentation}{}% 73
\BOOKMARK [0][-]{chapter*.7}{Acknowledgement}{}% 74
